<?xml version="1.0" encoding="UTF-8"?>
<testng-results ignored="0" total="1" passed="1" failed="0" skipped="0">
  <reporter-output>
  </reporter-output>
  <suite started-at="2023-08-09T16:51:31Z" name="Default suite" finished-at="2023-08-09T16:54:34Z" duration-ms="183259">
    <groups>
    </groups>
    <test started-at="2023-08-09T16:51:31Z" name="Default test" finished-at="2023-08-09T16:54:34Z" duration-ms="183259">
      <class name="urke">
        <test-method signature="townERO()[pri:0, instance:urke@4d6ee47]" started-at="2023-08-09T22:21:31Z" name="townERO" finished-at="2023-08-09T22:24:34Z" duration-ms="183139" status="PASS">
          <reporter-output>
          </reporter-output>
        </test-method> <!-- townERO -->
      </class> <!-- urke -->
    </test> <!-- Default test -->
  </suite> <!-- Default suite -->
</testng-results>
